<?xml version="1.0" encoding="UTF-8"?>
<!-- Generated by org.testng.reporters.JUnitXMLReporter -->
<testsuite ignored="0" hostname="Gulshan" failures="0" tests="5" name="Test" time="143.337" errors="0" timestamp="26 Apr 2024 12:31:37 GMT">
  <testcase classname="genericLib.BaseTest" name="@AfterMethod logoutSS" time="1.17">
    <failure type="org.openqa.selenium.ElementClickInterceptedException" message="element click intercepted: Element &amp;lt;li class=&amp;quot;MuiButtonBase-root MuiMenuItem-root MuiMenuItem-gutters css-1km1ehz&amp;quot; tabindex=&amp;quot;-1&amp;quot; role=&amp;quot;menuitem&amp;quot;&amp;gt;...&amp;lt;/li&amp;gt; is not clickable at point (1404, 231). Other element would receive the click: &amp;lt;li class=&amp;quot;MuiButtonBase-root MuiMenuItem-root MuiMenuItem-gutters css-1km1ehz&amp;quot; tabindex=&amp;quot;-1&amp;quot; role=&amp;quot;menuitem&amp;quot;&amp;gt;...&amp;lt;/li&amp;gt;
  (Session info: chrome=124.0.6367.78)
Build info: version: &amp;apos;4.15.0&amp;apos;, revision: &amp;apos;1d14b5521b&amp;apos;
System info: os.name: &amp;apos;Windows 11&amp;apos;, os.arch: &amp;apos;amd64&amp;apos;, os.version: &amp;apos;10.0&amp;apos;, java.version: &amp;apos;17.0.4.1&amp;apos;
Driver info: org.openqa.selenium.chrome.ChromeDriver
Command: [0843f30ebc9c5efd8fff946f31991edd, clickElement {id=f.27E4C3D8AB97B30A4AB909E1D8F2E507.d.D3F0D29CBB22CB1CA68411AE97090195.e.3129}]
Capabilities {acceptInsecureCerts: false, browserName: chrome, browserVersion: 124.0.6367.78, chrome: {chromedriverVersion: 124.0.6367.91 (51df0e5e17a8..., userDataDir: C:\Users\gulsh\AppData\Loca...}, fedcm:accounts: true, goog:chromeOptions: {debuggerAddress: localhost:51585}, networkConnectionEnabled: false, pageLoadStrategy: normal, platformName: windows, proxy: Proxy(), se:cdp: ws://localhost:51585/devtoo..., se:cdpVersion: 124.0.6367.78, setWindowRect: true, strictFileInteractability: false, timeouts: {implicit: 0, pageLoad: 300000, script: 30000}, unhandledPromptBehavior: dismiss and notify, webauthn:extension:credBlob: true, webauthn:extension:largeBlob: true, webauthn:extension:minPinLength: true, webauthn:extension:prf: true, webauthn:virtualAuthenticators: true}
Element: [[ChromeDriver: chrome on windows (0843f30ebc9c5efd8fff946f31991edd)] -&amp;gt; xpath: //li[text()=&amp;apos;Logout&amp;apos;]]
Session ID: 0843f30ebc9c5efd8fff946f31991edd">
      <![CDATA[org.openqa.selenium.ElementClickInterceptedException: element click intercepted: Element <li class="MuiButtonBase-root MuiMenuItem-root MuiMenuItem-gutters css-1km1ehz" tabindex="-1" role="menuitem">...</li> is not clickable at point (1404, 231). Other element would receive the click: <li class="MuiButtonBase-root MuiMenuItem-root MuiMenuItem-gutters css-1km1ehz" tabindex="-1" role="menuitem">...</li>
  (Session info: chrome=124.0.6367.78)
Build info: version: '4.15.0', revision: '1d14b5521b'
System info: os.name: 'Windows 11', os.arch: 'amd64', os.version: '10.0', java.version: '17.0.4.1'
Driver info: org.openqa.selenium.chrome.ChromeDriver
Command: [0843f30ebc9c5efd8fff946f31991edd, clickElement {id=f.27E4C3D8AB97B30A4AB909E1D8F2E507.d.D3F0D29CBB22CB1CA68411AE97090195.e.3129}]
Capabilities {acceptInsecureCerts: false, browserName: chrome, browserVersion: 124.0.6367.78, chrome: {chromedriverVersion: 124.0.6367.91 (51df0e5e17a8..., userDataDir: C:\Users\gulsh\AppData\Loca...}, fedcm:accounts: true, goog:chromeOptions: {debuggerAddress: localhost:51585}, networkConnectionEnabled: false, pageLoadStrategy: normal, platformName: windows, proxy: Proxy(), se:cdp: ws://localhost:51585/devtoo..., se:cdpVersion: 124.0.6367.78, setWindowRect: true, strictFileInteractability: false, timeouts: {implicit: 0, pageLoad: 300000, script: 30000}, unhandledPromptBehavior: dismiss and notify, webauthn:extension:credBlob: true, webauthn:extension:largeBlob: true, webauthn:extension:minPinLength: true, webauthn:extension:prf: true, webauthn:virtualAuthenticators: true}
Element: [[ChromeDriver: chrome on windows (0843f30ebc9c5efd8fff946f31991edd)] -> xpath: //li[text()='Logout']]
Session ID: 0843f30ebc9c5efd8fff946f31991edd
at org.openqa.selenium.remote.codec.w3c.W3CHttpResponseCodec.createException(W3CHttpResponseCodec.java:200)
at org.openqa.selenium.remote.codec.w3c.W3CHttpResponseCodec.decode(W3CHttpResponseCodec.java:133)
at org.openqa.selenium.remote.codec.w3c.W3CHttpResponseCodec.decode(W3CHttpResponseCodec.java:52)
at org.openqa.selenium.remote.HttpCommandExecutor.execute(HttpCommandExecutor.java:191)
at org.openqa.selenium.remote.service.DriverCommandExecutor.invokeExecute(DriverCommandExecutor.java:200)
at org.openqa.selenium.remote.service.DriverCommandExecutor.execute(DriverCommandExecutor.java:175)
at org.openqa.selenium.remote.RemoteWebDriver.execute(RemoteWebDriver.java:607)
at org.openqa.selenium.remote.RemoteWebElement.execute(RemoteWebElement.java:224)
at org.openqa.selenium.remote.RemoteWebElement.click(RemoteWebElement.java:77)
at org.openqa.selenium.support.pagefactory.internal.LocatingElementHandler.invoke(LocatingElementHandler.java:51)
at jdk.proxy2/jdk.proxy2.$Proxy16.click(Unknown Source)
at pomPages.HomePage.clickOnLogout(HomePage.java:106)
at genericLib.BaseTest.logoutSS(BaseTest.java:67)
... Removed 36 stack frames]]>
    </failure>
  </testcase> <!-- @AfterMethod logoutSS -->
  <testcase classname="genericLib.BaseTest" name="@AfterClass closeBrowser" time="0.0">
    <skipped/>
  </testcase> <!-- @AfterClass closeBrowser -->
  <testcase classname="testScripts.AddProductInWishListTest" name="addProductToWishList" time="10.343"/>
  <testcase classname="testScripts.SearchProductTest" name="searchProduct" time="3.744"/>
  <testcase classname="testScripts.BuyProductUsingCodTest" name="buyProduct" time="11.677"/>
  <testcase classname="testScripts.BuyProductUsingCreditCard" name="buyProductWithCreditCard" time="9.835"/>
  <testcase classname="testScripts.addAndEditCartTest" name="addProductToCart" time="8.21"/>
</testsuite> <!-- Test -->
