<?xml version="1.0" encoding="UTF-8"?>
<testng-results ignored="0" total="5" passed="5" failed="0" skipped="0">
  <reporter-output>
    <line>
      <![CDATA[----Launching chrome browser----]]>
    </line>
    <line>
      <![CDATA[Test Started Successfully]]>
    </line>
    <line>
      <![CDATA[Test success]]>
    </line>
    <line>
      <![CDATA[----Launching chrome browser----]]>
    </line>
    <line>
      <![CDATA[Test Started Successfully]]>
    </line>
    <line>
      <![CDATA[Test success]]>
    </line>
    <line>
      <![CDATA[----Launching chrome browser----]]>
    </line>
    <line>
      <![CDATA[Test Started Successfully]]>
    </line>
    <line>
      <![CDATA[Test success]]>
    </line>
    <line>
      <![CDATA[----Launching chrome browser----]]>
    </line>
    <line>
      <![CDATA[Test Started Successfully]]>
    </line>
    <line>
      <![CDATA[Test success]]>
    </line>
    <line>
      <![CDATA[----Launching chrome browser----]]>
    </line>
    <line>
      <![CDATA[Test Started Successfully]]>
    </line>
    <line>
      <![CDATA[Test success]]>
    </line>
  </reporter-output>
  <suite started-at="2024-04-26T12:29:13Z" name="Suite" finished-at="2024-04-26T12:31:37Z" duration-ms="143337">
    <groups>
    </groups>
    <test started-at="2024-04-26T12:29:13Z" name="Test" finished-at="2024-04-26T12:31:37Z" duration-ms="143337">
      <class name="testScripts.addAndEditCartTest">
        <test-method is-config="true" signature="launchBrowser()[pri:0, instance:testScripts.addAndEditCartTest@2c78d320]" started-at="2024-04-26T12:31:09Z" name="launchBrowser" finished-at="2024-04-26T12:31:12Z" duration-ms="3247" status="PASS">
          <reporter-output>
            <line>
              <![CDATA[----Launching chrome browser----]]>
            </line>
          </reporter-output>
        </test-method> <!-- launchBrowser -->
        <test-method is-config="true" signature="loginIntoSS()[pri:0, instance:testScripts.addAndEditCartTest@2c78d320]" started-at="2024-04-26T12:31:12Z" name="loginIntoSS" finished-at="2024-04-26T12:31:28Z" duration-ms="15957" status="PASS">
          <reporter-output>
          </reporter-output>
        </test-method> <!-- loginIntoSS -->
        <test-method signature="addProductToCart()[pri:0, instance:testScripts.addAndEditCartTest@2c78d320]" started-at="2024-04-26T12:31:28Z" name="addProductToCart" finished-at="2024-04-26T12:31:36Z" duration-ms="8210" status="PASS">
          <reporter-output>
            <line>
              <![CDATA[Test Started Successfully]]>
            </line>
            <line>
              <![CDATA[Test success]]>
            </line>
          </reporter-output>
        </test-method> <!-- addProductToCart -->
        <test-method is-config="true" signature="logoutSS()[pri:0, instance:testScripts.addAndEditCartTest@2c78d320]" started-at="2024-04-26T12:31:36Z" name="logoutSS" finished-at="2024-04-26T12:31:36Z" duration-ms="373" status="PASS">
          <reporter-output>
          </reporter-output>
        </test-method> <!-- logoutSS -->
        <test-method is-config="true" signature="closeBrowser()[pri:0, instance:testScripts.addAndEditCartTest@2c78d320]" started-at="2024-04-26T12:31:36Z" name="closeBrowser" finished-at="2024-04-26T12:31:37Z" duration-ms="318" status="PASS">
          <reporter-output>
          </reporter-output>
        </test-method> <!-- closeBrowser -->
      </class> <!-- testScripts.addAndEditCartTest -->
      <class name="testScripts.SearchProductTest">
        <test-method is-config="true" signature="launchBrowser()[pri:0, instance:testScripts.SearchProductTest@5b6ec132]" started-at="2024-04-26T12:29:47Z" name="launchBrowser" finished-at="2024-04-26T12:29:50Z" duration-ms="3063" status="PASS">
          <reporter-output>
            <line>
              <![CDATA[----Launching chrome browser----]]>
            </line>
          </reporter-output>
        </test-method> <!-- launchBrowser -->
        <test-method is-config="true" signature="loginIntoSS()[pri:0, instance:testScripts.SearchProductTest@5b6ec132]" started-at="2024-04-26T12:29:50Z" name="loginIntoSS" finished-at="2024-04-26T12:29:57Z" duration-ms="6953" status="PASS">
          <reporter-output>
          </reporter-output>
        </test-method> <!-- loginIntoSS -->
        <test-method signature="searchProduct()[pri:0, instance:testScripts.SearchProductTest@5b6ec132]" started-at="2024-04-26T12:29:57Z" name="searchProduct" description="verify user should able to search the product" finished-at="2024-04-26T12:30:00Z" duration-ms="3744" status="PASS">
          <reporter-output>
            <line>
              <![CDATA[Test Started Successfully]]>
            </line>
            <line>
              <![CDATA[Test success]]>
            </line>
          </reporter-output>
        </test-method> <!-- searchProduct -->
        <test-method is-config="true" signature="logoutSS()[pri:0, instance:testScripts.SearchProductTest@5b6ec132]" started-at="2024-04-26T12:30:00Z" name="logoutSS" finished-at="2024-04-26T12:30:01Z" duration-ms="181" status="PASS">
          <reporter-output>
          </reporter-output>
        </test-method> <!-- logoutSS -->
        <test-method is-config="true" signature="closeBrowser()[pri:0, instance:testScripts.SearchProductTest@5b6ec132]" started-at="2024-04-26T12:30:01Z" name="closeBrowser" finished-at="2024-04-26T12:30:01Z" duration-ms="333" status="PASS">
          <reporter-output>
          </reporter-output>
        </test-method> <!-- closeBrowser -->
      </class> <!-- testScripts.SearchProductTest -->
      <class name="testScripts.AddProductInWishListTest">
        <test-method is-config="true" signature="launchBrowser()[pri:0, instance:testScripts.AddProductInWishListTest@31ff43be]" started-at="2024-04-26T12:29:13Z" name="launchBrowser" finished-at="2024-04-26T12:29:18Z" duration-ms="5059" status="PASS">
          <reporter-output>
            <line>
              <![CDATA[----Launching chrome browser----]]>
            </line>
          </reporter-output>
        </test-method> <!-- launchBrowser -->
        <test-method is-config="true" signature="loginIntoSS()[pri:0, instance:testScripts.AddProductInWishListTest@31ff43be]" started-at="2024-04-26T12:29:18Z" name="loginIntoSS" finished-at="2024-04-26T12:29:36Z" duration-ms="17291" status="PASS">
          <reporter-output>
          </reporter-output>
        </test-method> <!-- loginIntoSS -->
        <test-method signature="addProductToWishList()[pri:0, instance:testScripts.AddProductInWishListTest@31ff43be]" started-at="2024-04-26T12:29:36Z" name="addProductToWishList" finished-at="2024-04-26T12:29:46Z" duration-ms="10343" status="PASS">
          <reporter-output>
            <line>
              <![CDATA[Test Started Successfully]]>
            </line>
            <line>
              <![CDATA[Test success]]>
            </line>
          </reporter-output>
        </test-method> <!-- addProductToWishList -->
        <test-method is-config="true" signature="logoutSS()[pri:0, instance:testScripts.AddProductInWishListTest@31ff43be]" started-at="2024-04-26T12:29:46Z" name="logoutSS" finished-at="2024-04-26T12:29:46Z" duration-ms="187" status="PASS">
          <reporter-output>
          </reporter-output>
        </test-method> <!-- logoutSS -->
        <test-method is-config="true" signature="closeBrowser()[pri:0, instance:testScripts.AddProductInWishListTest@31ff43be]" started-at="2024-04-26T12:29:46Z" name="closeBrowser" finished-at="2024-04-26T12:29:47Z" duration-ms="322" status="PASS">
          <reporter-output>
          </reporter-output>
        </test-method> <!-- closeBrowser -->
      </class> <!-- testScripts.AddProductInWishListTest -->
      <class name="testScripts.BuyProductUsingCodTest">
        <test-method is-config="true" signature="launchBrowser()[pri:0, instance:testScripts.BuyProductUsingCodTest@5c44c582]" started-at="2024-04-26T12:30:01Z" name="launchBrowser" finished-at="2024-04-26T12:30:05Z" duration-ms="4001" status="PASS">
          <reporter-output>
            <line>
              <![CDATA[----Launching chrome browser----]]>
            </line>
          </reporter-output>
        </test-method> <!-- launchBrowser -->
        <test-method is-config="true" signature="loginIntoSS()[pri:0, instance:testScripts.BuyProductUsingCodTest@5c44c582]" started-at="2024-04-26T12:30:05Z" name="loginIntoSS" finished-at="2024-04-26T12:30:25Z" duration-ms="20212" status="PASS">
          <reporter-output>
          </reporter-output>
        </test-method> <!-- loginIntoSS -->
        <test-method signature="buyProduct()[pri:0, instance:testScripts.BuyProductUsingCodTest@5c44c582]" started-at="2024-04-26T12:30:25Z" name="buyProduct" finished-at="2024-04-26T12:30:37Z" duration-ms="11677" status="PASS">
          <reporter-output>
            <line>
              <![CDATA[Test Started Successfully]]>
            </line>
            <line>
              <![CDATA[Test success]]>
            </line>
          </reporter-output>
        </test-method> <!-- buyProduct -->
        <test-method is-config="true" signature="logoutSS()[pri:0, instance:testScripts.BuyProductUsingCodTest@5c44c582]" started-at="2024-04-26T12:30:37Z" name="logoutSS" finished-at="2024-04-26T12:30:38Z" duration-ms="1170" status="FAIL">
          <exception class="org.openqa.selenium.ElementClickInterceptedException">
            <message>
              <![CDATA[element click intercepted: Element <li class="MuiButtonBase-root MuiMenuItem-root MuiMenuItem-gutters css-1km1ehz" tabindex="-1" role="menuitem">...</li> is not clickable at point (1404, 231). Other element would receive the click: <li class="MuiButtonBase-root MuiMenuItem-root MuiMenuItem-gutters css-1km1ehz" tabindex="-1" role="menuitem">...</li>
  (Session info: chrome=124.0.6367.78)
Build info: version: '4.15.0', revision: '1d14b5521b'
System info: os.name: 'Windows 11', os.arch: 'amd64', os.version: '10.0', java.version: '17.0.4.1'
Driver info: org.openqa.selenium.chrome.ChromeDriver
Command: [0843f30ebc9c5efd8fff946f31991edd, clickElement {id=f.27E4C3D8AB97B30A4AB909E1D8F2E507.d.D3F0D29CBB22CB1CA68411AE97090195.e.3129}]
Capabilities {acceptInsecureCerts: false, browserName: chrome, browserVersion: 124.0.6367.78, chrome: {chromedriverVersion: 124.0.6367.91 (51df0e5e17a8..., userDataDir: C:\Users\gulsh\AppData\Loca...}, fedcm:accounts: true, goog:chromeOptions: {debuggerAddress: localhost:51585}, networkConnectionEnabled: false, pageLoadStrategy: normal, platformName: windows, proxy: Proxy(), se:cdp: ws://localhost:51585/devtoo..., se:cdpVersion: 124.0.6367.78, setWindowRect: true, strictFileInteractability: false, timeouts: {implicit: 0, pageLoad: 300000, script: 30000}, unhandledPromptBehavior: dismiss and notify, webauthn:extension:credBlob: true, webauthn:extension:largeBlob: true, webauthn:extension:minPinLength: true, webauthn:extension:prf: true, webauthn:virtualAuthenticators: true}
Element: [[ChromeDriver: chrome on windows (0843f30ebc9c5efd8fff946f31991edd)] -> xpath: //li[text()='Logout']]
Session ID: 0843f30ebc9c5efd8fff946f31991edd]]>
            </message>
            <full-stacktrace>
              <![CDATA[org.openqa.selenium.ElementClickInterceptedException: element click intercepted: Element <li class="MuiButtonBase-root MuiMenuItem-root MuiMenuItem-gutters css-1km1ehz" tabindex="-1" role="menuitem">...</li> is not clickable at point (1404, 231). Other element would receive the click: <li class="MuiButtonBase-root MuiMenuItem-root MuiMenuItem-gutters css-1km1ehz" tabindex="-1" role="menuitem">...</li>
  (Session info: chrome=124.0.6367.78)
Build info: version: '4.15.0', revision: '1d14b5521b'
System info: os.name: 'Windows 11', os.arch: 'amd64', os.version: '10.0', java.version: '17.0.4.1'
Driver info: org.openqa.selenium.chrome.ChromeDriver
Command: [0843f30ebc9c5efd8fff946f31991edd, clickElement {id=f.27E4C3D8AB97B30A4AB909E1D8F2E507.d.D3F0D29CBB22CB1CA68411AE97090195.e.3129}]
Capabilities {acceptInsecureCerts: false, browserName: chrome, browserVersion: 124.0.6367.78, chrome: {chromedriverVersion: 124.0.6367.91 (51df0e5e17a8..., userDataDir: C:\Users\gulsh\AppData\Loca...}, fedcm:accounts: true, goog:chromeOptions: {debuggerAddress: localhost:51585}, networkConnectionEnabled: false, pageLoadStrategy: normal, platformName: windows, proxy: Proxy(), se:cdp: ws://localhost:51585/devtoo..., se:cdpVersion: 124.0.6367.78, setWindowRect: true, strictFileInteractability: false, timeouts: {implicit: 0, pageLoad: 300000, script: 30000}, unhandledPromptBehavior: dismiss and notify, webauthn:extension:credBlob: true, webauthn:extension:largeBlob: true, webauthn:extension:minPinLength: true, webauthn:extension:prf: true, webauthn:virtualAuthenticators: true}
Element: [[ChromeDriver: chrome on windows (0843f30ebc9c5efd8fff946f31991edd)] -> xpath: //li[text()='Logout']]
Session ID: 0843f30ebc9c5efd8fff946f31991edd
at java.base/jdk.internal.reflect.NativeConstructorAccessorImpl.newInstance0(Native Method)
at java.base/jdk.internal.reflect.NativeConstructorAccessorImpl.newInstance(NativeConstructorAccessorImpl.java:77)
at java.base/jdk.internal.reflect.DelegatingConstructorAccessorImpl.newInstance(DelegatingConstructorAccessorImpl.java:45)
at java.base/java.lang.reflect.Constructor.newInstanceWithCaller(Constructor.java:499)
at java.base/java.lang.reflect.Constructor.newInstance(Constructor.java:480)
at org.openqa.selenium.remote.codec.w3c.W3CHttpResponseCodec.createException(W3CHttpResponseCodec.java:200)
at org.openqa.selenium.remote.codec.w3c.W3CHttpResponseCodec.decode(W3CHttpResponseCodec.java:133)
at org.openqa.selenium.remote.codec.w3c.W3CHttpResponseCodec.decode(W3CHttpResponseCodec.java:52)
at org.openqa.selenium.remote.HttpCommandExecutor.execute(HttpCommandExecutor.java:191)
at org.openqa.selenium.remote.service.DriverCommandExecutor.invokeExecute(DriverCommandExecutor.java:200)
at org.openqa.selenium.remote.service.DriverCommandExecutor.execute(DriverCommandExecutor.java:175)
at org.openqa.selenium.remote.RemoteWebDriver.execute(RemoteWebDriver.java:607)
at org.openqa.selenium.remote.RemoteWebElement.execute(RemoteWebElement.java:224)
at org.openqa.selenium.remote.RemoteWebElement.click(RemoteWebElement.java:77)
at jdk.internal.reflect.GeneratedMethodAccessor1.invoke(Unknown Source)
at java.base/jdk.internal.reflect.DelegatingMethodAccessorImpl.invoke(DelegatingMethodAccessorImpl.java:43)
at java.base/java.lang.reflect.Method.invoke(Method.java:568)
at org.openqa.selenium.support.pagefactory.internal.LocatingElementHandler.invoke(LocatingElementHandler.java:51)
at jdk.proxy2/jdk.proxy2.$Proxy16.click(Unknown Source)
at pomPages.HomePage.clickOnLogout(HomePage.java:106)
at genericLib.BaseTest.logoutSS(BaseTest.java:67)
at java.base/jdk.internal.reflect.NativeMethodAccessorImpl.invoke0(Native Method)
at java.base/jdk.internal.reflect.NativeMethodAccessorImpl.invoke(NativeMethodAccessorImpl.java:77)
at java.base/jdk.internal.reflect.DelegatingMethodAccessorImpl.invoke(DelegatingMethodAccessorImpl.java:43)
at java.base/java.lang.reflect.Method.invoke(Method.java:568)
at org.testng.internal.MethodInvocationHelper.invokeMethod(MethodInvocationHelper.java:124)
at org.testng.internal.MethodInvocationHelper.invokeMethodConsideringTimeout(MethodInvocationHelper.java:59)
at org.testng.internal.Invoker.invokeConfigurationMethod(Invoker.java:458)
at org.testng.internal.Invoker.invokeConfigurations(Invoker.java:222)
at org.testng.internal.Invoker.invokeMethod(Invoker.java:646)
at org.testng.internal.Invoker.invokeTestMethod(Invoker.java:719)
at org.testng.internal.Invoker.invokeTestMethods(Invoker.java:989)
at org.testng.internal.TestMethodWorker.invokeTestMethods(TestMethodWorker.java:125)
at org.testng.internal.TestMethodWorker.run(TestMethodWorker.java:109)
at org.testng.TestRunner.privateRun(TestRunner.java:648)
at org.testng.TestRunner.run(TestRunner.java:505)
at org.testng.SuiteRunner.runTest(SuiteRunner.java:455)
at org.testng.SuiteRunner.runSequentially(SuiteRunner.java:450)
at org.testng.SuiteRunner.privateRun(SuiteRunner.java:415)
at org.testng.SuiteRunner.run(SuiteRunner.java:364)
at org.testng.SuiteRunnerWorker.runSuite(SuiteRunnerWorker.java:52)
at org.testng.SuiteRunnerWorker.run(SuiteRunnerWorker.java:84)
at org.testng.TestNG.runSuitesSequentially(TestNG.java:1208)
at org.testng.TestNG.runSuitesLocally(TestNG.java:1137)
at org.testng.TestNG.runSuites(TestNG.java:1049)
at org.testng.TestNG.run(TestNG.java:1017)
at org.testng.remote.AbstractRemoteTestNG.run(AbstractRemoteTestNG.java:115)
at org.testng.remote.RemoteTestNG.initAndRun(RemoteTestNG.java:293)
at org.testng.remote.RemoteTestNG.main(RemoteTestNG.java:91)
]]>
            </full-stacktrace>
          </exception> <!-- org.openqa.selenium.ElementClickInterceptedException -->
          <reporter-output>
          </reporter-output>
        </test-method> <!-- logoutSS -->
        <test-method is-config="true" signature="closeBrowser()[pri:0, instance:testScripts.BuyProductUsingCodTest@5c44c582]" started-at="2024-04-26T12:30:38Z" name="closeBrowser" finished-at="2024-04-26T12:30:38Z" duration-ms="0" status="SKIP">
          <reporter-output>
          </reporter-output>
        </test-method> <!-- closeBrowser -->
      </class> <!-- testScripts.BuyProductUsingCodTest -->
      <class name="testScripts.BuyProductUsingCreditCard">
        <test-method is-config="true" signature="launchBrowser()[pri:0, instance:testScripts.BuyProductUsingCreditCard@67d18ed7]" started-at="2024-04-26T12:30:38Z" name="launchBrowser" finished-at="2024-04-26T12:30:41Z" duration-ms="3224" status="PASS">
          <reporter-output>
            <line>
              <![CDATA[----Launching chrome browser----]]>
            </line>
          </reporter-output>
        </test-method> <!-- launchBrowser -->
        <test-method is-config="true" signature="loginIntoSS()[pri:0, instance:testScripts.BuyProductUsingCreditCard@67d18ed7]" started-at="2024-04-26T12:30:41Z" name="loginIntoSS" finished-at="2024-04-26T12:30:58Z" duration-ms="17029" status="PASS">
          <reporter-output>
          </reporter-output>
        </test-method> <!-- loginIntoSS -->
        <test-method signature="buyProductWithCreditCard()[pri:0, instance:testScripts.BuyProductUsingCreditCard@67d18ed7]" started-at="2024-04-26T12:30:58Z" name="buyProductWithCreditCard" finished-at="2024-04-26T12:31:08Z" duration-ms="9835" status="PASS">
          <reporter-output>
            <line>
              <![CDATA[Test Started Successfully]]>
            </line>
            <line>
              <![CDATA[Test success]]>
            </line>
          </reporter-output>
        </test-method> <!-- buyProductWithCreditCard -->
        <test-method is-config="true" signature="logoutSS()[pri:0, instance:testScripts.BuyProductUsingCreditCard@67d18ed7]" started-at="2024-04-26T12:31:08Z" name="logoutSS" finished-at="2024-04-26T12:31:08Z" duration-ms="263" status="PASS">
          <reporter-output>
          </reporter-output>
        </test-method> <!-- logoutSS -->
        <test-method is-config="true" signature="closeBrowser()[pri:0, instance:testScripts.BuyProductUsingCreditCard@67d18ed7]" started-at="2024-04-26T12:31:08Z" name="closeBrowser" finished-at="2024-04-26T12:31:09Z" duration-ms="321" status="PASS">
          <reporter-output>
          </reporter-output>
        </test-method> <!-- closeBrowser -->
      </class> <!-- testScripts.BuyProductUsingCreditCard -->
    </test> <!-- Test -->
  </suite> <!-- Suite -->
</testng-results>
