<?xml version="1.0" encoding="UTF-8"?>
<testng-results ignored="0" total="1" passed="1" failed="0" skipped="0">
  <reporter-output>
    <line>
      <![CDATA[----Launching chrome browser----]]>
    </line>
  </reporter-output>
  <suite started-at="2024-04-25T10:09:07Z" name="Default suite" finished-at="2024-04-25T10:09:41Z" duration-ms="34092">
    <groups>
    </groups>
    <test started-at="2024-04-25T10:09:07Z" name="Default test" finished-at="2024-04-25T10:09:41Z" duration-ms="34092">
      <class name="testScripts.addAndEditCartTest">
        <test-method is-config="true" signature="launchBrowser()[pri:0, instance:testScripts.addAndEditCartTest@68df9280]" started-at="2024-04-25T10:09:07Z" name="launchBrowser" finished-at="2024-04-25T10:09:11Z" duration-ms="3902" status="PASS">
          <reporter-output>
            <line>
              <![CDATA[----Launching chrome browser----]]>
            </line>
          </reporter-output>
        </test-method> <!-- launchBrowser -->
        <test-method is-config="true" signature="loginIntoSS()[pri:0, instance:testScripts.addAndEditCartTest@68df9280]" started-at="2024-04-25T10:09:11Z" name="loginIntoSS" finished-at="2024-04-25T10:09:32Z" duration-ms="20766" status="PASS">
          <reporter-output>
          </reporter-output>
        </test-method> <!-- loginIntoSS -->
        <test-method signature="addProductToCart()[pri:0, instance:testScripts.addAndEditCartTest@68df9280]" started-at="2024-04-25T10:09:32Z" name="addProductToCart" finished-at="2024-04-25T10:09:40Z" duration-ms="8555" status="PASS">
          <reporter-output>
          </reporter-output>
        </test-method> <!-- addProductToCart -->
        <test-method is-config="true" signature="logoutSS()[pri:0, instance:testScripts.addAndEditCartTest@68df9280]" started-at="2024-04-25T10:09:40Z" name="logoutSS" finished-at="2024-04-25T10:09:41Z" duration-ms="394" status="PASS">
          <reporter-output>
          </reporter-output>
        </test-method> <!-- logoutSS -->
        <test-method is-config="true" signature="closeBrowser()[pri:0, instance:testScripts.addAndEditCartTest@68df9280]" started-at="2024-04-25T10:09:41Z" name="closeBrowser" finished-at="2024-04-25T10:09:41Z" duration-ms="460" status="PASS">
          <reporter-output>
          </reporter-output>
        </test-method> <!-- closeBrowser -->
      </class> <!-- testScripts.addAndEditCartTest -->
    </test> <!-- Default test -->
  </suite> <!-- Default suite -->
</testng-results>
