<?xml version="1.0" encoding="UTF-8"?>
<testng-results ignored="0" total="1" passed="1" failed="0" skipped="0">
  <reporter-output>
    <line>
      <![CDATA[----Launching chrome browser----]]>
    </line>
    <line>
      <![CDATA[Test Started Successfully]]>
    </line>
    <line>
      <![CDATA[Test success]]>
    </line>
  </reporter-output>
  <suite started-at="2024-04-25T12:41:26Z" name="Default suite" finished-at="2024-04-25T12:41:52Z" duration-ms="25418">
    <groups>
    </groups>
    <test started-at="2024-04-25T12:41:26Z" name="Default test" finished-at="2024-04-25T12:41:52Z" duration-ms="25418">
      <class name="testScripts.AddProductInWishListTest">
        <test-method is-config="true" signature="launchBrowser()[pri:0, instance:testScripts.AddProductInWishListTest@4f3bbf68]" started-at="2024-04-25T12:41:26Z" name="launchBrowser" finished-at="2024-04-25T12:41:32Z" duration-ms="5699" status="PASS">
          <reporter-output>
            <line>
              <![CDATA[----Launching chrome browser----]]>
            </line>
          </reporter-output>
        </test-method> <!-- launchBrowser -->
        <test-method is-config="true" signature="loginIntoSS()[pri:0, instance:testScripts.AddProductInWishListTest@4f3bbf68]" started-at="2024-04-25T12:41:32Z" name="loginIntoSS" finished-at="2024-04-25T12:41:40Z" duration-ms="8228" status="PASS">
          <reporter-output>
          </reporter-output>
        </test-method> <!-- loginIntoSS -->
        <test-method signature="addProductToWishList()[pri:0, instance:testScripts.AddProductInWishListTest@4f3bbf68]" started-at="2024-04-25T12:41:40Z" name="addProductToWishList" finished-at="2024-04-25T12:41:51Z" duration-ms="10430" status="PASS">
          <reporter-output>
            <line>
              <![CDATA[Test Started Successfully]]>
            </line>
            <line>
              <![CDATA[Test success]]>
            </line>
          </reporter-output>
        </test-method> <!-- addProductToWishList -->
        <test-method is-config="true" signature="logoutSS()[pri:0, instance:testScripts.AddProductInWishListTest@4f3bbf68]" started-at="2024-04-25T12:41:51Z" name="logoutSS" finished-at="2024-04-25T12:41:51Z" duration-ms="534" status="PASS">
          <reporter-output>
          </reporter-output>
        </test-method> <!-- logoutSS -->
        <test-method is-config="true" signature="closeBrowser()[pri:0, instance:testScripts.AddProductInWishListTest@4f3bbf68]" started-at="2024-04-25T12:41:51Z" name="closeBrowser" finished-at="2024-04-25T12:41:52Z" duration-ms="496" status="PASS">
          <reporter-output>
          </reporter-output>
        </test-method> <!-- closeBrowser -->
      </class> <!-- testScripts.AddProductInWishListTest -->
    </test> <!-- Default test -->
  </suite> <!-- Default suite -->
</testng-results>
