<?xml version="1.0" encoding="UTF-8"?>
<testng-results ignored="0" total="1" passed="1" failed="0" skipped="0">
  <reporter-output>
    <line>
      <![CDATA[----Launching chrome browser----]]>
    </line>
    <line>
      <![CDATA[Test Started Successfully]]>
    </line>
    <line>
      <![CDATA[Test success]]>
    </line>
  </reporter-output>
  <suite started-at="2024-04-27T04:57:34Z" name="Default suite" finished-at="2024-04-27T04:58:09Z" duration-ms="34986">
    <groups>
    </groups>
    <test started-at="2024-04-27T04:57:34Z" name="Default test" finished-at="2024-04-27T04:58:09Z" duration-ms="34986">
      <class name="testScripts.SearchProductTest">
        <test-method is-config="true" signature="launchBrowser()[pri:0, instance:testScripts.SearchProductTest@4f3bbf68]" started-at="2024-04-27T04:57:34Z" name="launchBrowser" finished-at="2024-04-27T04:57:38Z" duration-ms="3808" status="PASS">
          <reporter-output>
            <line>
              <![CDATA[----Launching chrome browser----]]>
            </line>
          </reporter-output>
        </test-method> <!-- launchBrowser -->
        <test-method is-config="true" signature="loginIntoSS()[pri:0, instance:testScripts.SearchProductTest@4f3bbf68]" started-at="2024-04-27T04:57:38Z" name="loginIntoSS" finished-at="2024-04-27T04:57:57Z" duration-ms="19213" status="PASS">
          <reporter-output>
          </reporter-output>
        </test-method> <!-- loginIntoSS -->
        <test-method signature="searchProduct()[pri:0, instance:testScripts.SearchProductTest@4f3bbf68]" started-at="2024-04-27T04:57:57Z" name="searchProduct" description="verify user should able to search the product" finished-at="2024-04-27T04:58:09Z" duration-ms="11385" status="PASS">
          <reporter-output>
            <line>
              <![CDATA[Test Started Successfully]]>
            </line>
            <line>
              <![CDATA[Test success]]>
            </line>
          </reporter-output>
        </test-method> <!-- searchProduct -->
        <test-method is-config="true" signature="logoutSS()[pri:0, instance:testScripts.SearchProductTest@4f3bbf68]" started-at="2024-04-27T04:58:09Z" name="logoutSS" finished-at="2024-04-27T04:58:09Z" duration-ms="253" status="PASS">
          <reporter-output>
          </reporter-output>
        </test-method> <!-- logoutSS -->
        <test-method is-config="true" signature="closeBrowser()[pri:0, instance:testScripts.SearchProductTest@4f3bbf68]" started-at="2024-04-27T04:58:09Z" name="closeBrowser" finished-at="2024-04-27T04:58:09Z" duration-ms="313" status="PASS">
          <reporter-output>
          </reporter-output>
        </test-method> <!-- closeBrowser -->
      </class> <!-- testScripts.SearchProductTest -->
    </test> <!-- Default test -->
  </suite> <!-- Default suite -->
</testng-results>
